<?xml version="1.0" encoding="UTF-8"?>
<testsuite xmlns:xsi="http://www.w3.org/2001/XMLSchema-instance" xsi:noNamespaceSchemaLocation="https://maven.apache.org/surefire/maven-surefire-plugin/xsd/surefire-test-report-3.0.xsd" version="3.0" name="TestSuite" time="259.945" tests="7" errors="0" skipped="0" failures="0">
  <properties>
[...]
</properties>
  <testcase name="basePageNav" classname="Academy.HomePage" time="25.175"/>
  <testcase name="basePageNav" classname="Academy.HomePage" time="35.072"/>
  <testcase name="assertTest" classname="Academy.assHome" time="12.537"/>
  <testcase name="runScenario" classname="cucumberOptions.TestRunner" time="45.81"/>
  <testcase name="runScenario" classname="cucumberOptions.TestRunner" time="40.684"/>
  <testcase name="runScenario" classname="cucumberOptions.TestRunner" time="46.773"/>
  <testcase name="runScenario" classname="cucumberOptions.TestRunner" time="45.018"/>
</testsuite>