<?xml version="1.0" encoding="UTF-8"?>
<testng-results skipped="0" failed="0" total="4" passed="4">
  <reporter-output>
  </reporter-output>
  <suite name="Suite" duration-ms="183139" started-at="2019-06-05T18:05:32Z" finished-at="2019-06-05T18:08:35Z">
    <groups>
      <group name="cucumber">
        <method signature="AbstractTestNGCucumberTests.runScenario(cucumber.api.testng.PickleEventWrapper, cucumber.api.testng.CucumberFeatureWrapper)[pri:0, instance:cucumberOptions.TestRunner@59494225]" name="runScenario" class="cucumber.api.testng.AbstractTestNGCucumberTests"/>
      </group> <!-- cucumber -->
    </groups>
    <test name="Validating Users Cucumber" duration-ms="183139" started-at="2019-06-05T18:05:32Z" finished-at="2019-06-05T18:08:35Z">
      <class name="cucumberOptions.TestRunner">
        <test-method status="PASS" signature="setUpClass()[pri:0, instance:cucumberOptions.TestRunner@59494225]" name="setUpClass" is-config="true" duration-ms="94" started-at="2019-06-05T13:05:32Z" finished-at="2019-06-05T13:05:32Z">
          <reporter-output>
          </reporter-output>
        </test-method> <!-- setUpClass -->
        <test-method status="PASS" signature="runScenario(cucumber.api.testng.PickleEventWrapper, cucumber.api.testng.CucumberFeatureWrapper)[pri:0, instance:cucumberOptions.TestRunner@59494225]" name="runScenario" duration-ms="50263" started-at="2019-06-05T13:05:32Z" description="Runs Cucumber Scenarios" data-provider="scenarios" finished-at="2019-06-05T13:06:23Z">
          <params>
            <param index="0">
              <value>
                <![CDATA["Opening home page after login"]]>
              </value>
            </param>
            <param index="1">
              <value>
                <![CDATA["App Login"]]>
              </value>
            </param>
          </params>
          <reporter-output>
          </reporter-output>
        </test-method> <!-- runScenario -->
        <test-method status="PASS" signature="runScenario(cucumber.api.testng.PickleEventWrapper, cucumber.api.testng.CucumberFeatureWrapper)[pri:0, instance:cucumberOptions.TestRunner@59494225]" name="runScenario" duration-ms="40599" started-at="2019-06-05T13:06:23Z" description="Runs Cucumber Scenarios" data-provider="scenarios" finished-at="2019-06-05T13:07:03Z">
          <params>
            <param index="0">
              <value>
                <![CDATA["Opening home page after login"]]>
              </value>
            </param>
            <param index="1">
              <value>
                <![CDATA["App Login"]]>
              </value>
            </param>
          </params>
          <reporter-output>
          </reporter-output>
        </test-method> <!-- runScenario -->
        <test-method status="PASS" signature="runScenario(cucumber.api.testng.PickleEventWrapper, cucumber.api.testng.CucumberFeatureWrapper)[pri:0, instance:cucumberOptions.TestRunner@59494225]" name="runScenario" duration-ms="46307" started-at="2019-06-05T13:07:03Z" description="Runs Cucumber Scenarios" data-provider="scenarios" finished-at="2019-06-05T13:07:49Z">
          <params>
            <param index="0">
              <value>
                <![CDATA["Opening home page after login"]]>
              </value>
            </param>
            <param index="1">
              <value>
                <![CDATA["App Login"]]>
              </value>
            </param>
          </params>
          <reporter-output>
          </reporter-output>
        </test-method> <!-- runScenario -->
        <test-method status="PASS" signature="runScenario(cucumber.api.testng.PickleEventWrapper, cucumber.api.testng.CucumberFeatureWrapper)[pri:0, instance:cucumberOptions.TestRunner@59494225]" name="runScenario" duration-ms="45830" started-at="2019-06-05T13:07:49Z" description="Runs Cucumber Scenarios" data-provider="scenarios" finished-at="2019-06-05T13:08:35Z">
          <params>
            <param index="0">
              <value>
                <![CDATA["Opening home page after login"]]>
              </value>
            </param>
            <param index="1">
              <value>
                <![CDATA["App Login"]]>
              </value>
            </param>
          </params>
          <reporter-output>
          </reporter-output>
        </test-method> <!-- runScenario -->
        <test-method status="PASS" signature="tearDownClass()[pri:0, instance:cucumberOptions.TestRunner@59494225]" name="tearDownClass" is-config="true" duration-ms="2" started-at="2019-06-05T13:08:35Z" finished-at="2019-06-05T13:08:35Z">
          <reporter-output>
          </reporter-output>
        </test-method> <!-- tearDownClass -->
      </class> <!-- cucumberOptions.TestRunner -->
    </test> <!-- Validating Users Cucumber -->
  </suite> <!-- Suite -->
</testng-results>
